2024-07-20 16:48:07,229 - app_logger - DEBUG - Reading file: app/library.json
2024-07-20 16:48:07,229 - app_logger - DEBUG - База данных успешно открыта.
2024-07-20 16:48:14,334 - app_logger - ERROR - Книга с ID: 9 не найдена.
2024-07-20 16:48:58,490 - app_logger - DEBUG - Reading file: app/library.txt
2024-07-20 16:50:46,794 - app_logger - DEBUG - Reading file: app/library.txt
2024-07-20 16:50:46,794 - app_logger - ERROR - Указан путь к файлу с неверным форматом. Программа поддерживает .json файл с данными
2024-07-20 16:50:57,275 - app_logger - DEBUG - Reading file: app/library.txt
2024-07-20 16:50:57,276 - app_logger - ERROR - Указан путь к файлу с неверным форматом. Программа поддерживает .json файл с данными
2024-07-20 16:51:18,418 - app_logger - DEBUG - Reading file: app/json.txt
2024-07-20 16:51:18,418 - app_logger - ERROR - JSON файл с данными не обнаружен. Проверьте корректность указанного пути
2024-07-20 16:51:35,930 - app_logger - DEBUG - Reading file: app/json.txt
2024-07-20 16:51:58,065 - app_logger - DEBUG - Reading file: app/library.json
2024-07-20 16:51:58,066 - app_logger - ERROR - Указан путь к файлу с неверным форматом. Программа поддерживает .json файл с данными
2024-07-20 16:52:10,055 - app_logger - DEBUG - Reading file: app/library.json
2024-07-20 16:52:28,963 - app_logger - DEBUG - Reading file: app/library.json
2024-07-20 16:52:28,964 - app_logger - ERROR - Указан путь к файлу с неверным форматом. Программа поддерживает .json файл с данными
2024-07-20 16:52:43,652 - app_logger - DEBUG - Reading file: app/library.json
2024-07-20 16:52:43,652 - app_logger - ERROR - Указан путь к файлу с неверным форматом. Программа поддерживает .json файл с данными
2024-07-20 16:52:56,163 - app_logger - DEBUG - Reading file: app/library.json
2024-07-20 16:52:56,164 - app_logger - ERROR - Указан путь к файлу с неверным форматом. Программа поддерживает .json файл с данными
2024-07-20 16:53:43,567 - app_logger - DEBUG - Reading file: app/library.json
2024-07-20 16:53:48,077 - app_logger - DEBUG - Reading file: app/library.json
2024-07-20 16:53:55,345 - app_logger - DEBUG - Reading file: app/library.json
2024-07-20 16:54:58,218 - app_logger - DEBUG - Reading file: app/library.json
2024-07-20 16:54:58,218 - app_logger - ERROR - Указан путь к файлу с неверным форматом. Программа поддерживает .json файл с данными. Подробнее:
Expecting value: line 1 column 1 (char 0)
2024-07-20 16:56:31,099 - app_logger - DEBUG - Reading file: app/library.json
2024-07-20 16:56:31,107 - app_logger - DEBUG - База данных успешно открыта.
2024-07-20 16:59:51,351 - app_logger - DEBUG - Reading file: app/library.json
2024-07-20 16:59:51,351 - app_logger - DEBUG - База данных успешно открыта.
2024-07-20 17:00:17,759 - app_logger - DEBUG - Reading file: app/library.json
2024-07-20 17:00:17,759 - app_logger - DEBUG - База данных успешно открыта.
2024-07-20 17:01:01,565 - app_logger - DEBUG - Reading file: app/library.json
2024-07-20 17:01:01,566 - app_logger - DEBUG - База данных успешно открыта.
2024-07-20 17:01:11,170 - app_logger - DEBUG - Reading file: app/library.json
2024-07-20 17:01:11,170 - app_logger - DEBUG - База данных успешно открыта.
2024-07-20 17:04:07,424 - app_logger - DEBUG - Reading file: app/library.json
2024-07-20 17:04:07,424 - app_logger - DEBUG - База данных успешно открыта.
2024-07-20 17:04:34,354 - app_logger - DEBUG - Reading file: app/library.json
2024-07-20 17:04:34,354 - app_logger - DEBUG - База данных успешно открыта.
2024-07-20 17:04:35,126 - app_logger - ERROR - Неверно введено действие
2024-07-20 17:05:18,264 - app_logger - DEBUG - Reading file: app/library.json
2024-07-20 17:05:18,265 - app_logger - DEBUG - База данных успешно открыта.
2024-07-20 17:05:58,035 - app_logger - DEBUG - Reading file: app/library.json
2024-07-20 17:05:58,035 - app_logger - DEBUG - База данных успешно открыта.
2024-07-20 17:06:20,323 - app_logger - DEBUG - Reading file: app/library.json
2024-07-20 17:06:20,323 - app_logger - DEBUG - База данных успешно открыта.
2024-07-20 17:07:13,317 - app_logger - DEBUG - Reading file: app/library.json
2024-07-20 17:07:13,317 - app_logger - DEBUG - База данных успешно открыта.
2024-07-20 17:08:54,853 - app_logger - DEBUG - Reading file: app/library.json
2024-07-20 17:08:54,853 - app_logger - DEBUG - База данных успешно открыта.
2024-07-20 17:09:16,612 - app_logger - ERROR - invalid literal for int() with base 10: ''
2024-07-20 17:09:20,973 - app_logger - INFO - Статус книги с ID 10 обновлен на: выдана
2024-07-20 17:09:20,974 - app_logger - DEBUG - Данные успешно сохранены.
2024-07-20 17:15:57,548 - app_logger - DEBUG - Reading file: app/library.json
2024-07-20 17:15:57,548 - app_logger - DEBUG - База данных успешно открыта.
2024-07-20 17:16:57,289 - app_logger - INFO - Статус книги с ID 1 обновлен на: выдана
2024-07-20 17:16:57,291 - app_logger - DEBUG - Данные успешно сохранены.
2024-07-20 17:17:09,961 - app_logger - ERROR - Книга с ID: 100 не найдена.
2024-07-20 17:17:22,642 - app_logger - ERROR - invalid literal for int() with base 10: 'e'
2024-07-20 17:17:45,458 - app_logger - DEBUG - Данные успешно сохранены.
2024-07-20 17:17:45,458 - app_logger - INFO - Книга 'тест' добавлена с ID 11
2024-07-20 18:51:52,529 - app_logger - DEBUG - Данные успешно сохранены.
2024-07-20 18:51:52,529 - app_logger - INFO - Книга 'Book4' добавлена с ID 4
2024-07-20 18:51:52,532 - app_logger - INFO - Книга с ID 3 удалена
2024-07-20 18:51:52,532 - app_logger - INFO - Книга с ID 3 удалена
2024-07-20 18:51:52,533 - app_logger - DEBUG - Данные успешно сохранены.
2024-07-20 18:51:52,533 - app_logger - DEBUG - Данные успешно сохранены.
2024-07-20 18:51:52,537 - app_logger - INFO - Статус книги с ID 1 обновлен на: выдана
2024-07-20 18:51:52,537 - app_logger - INFO - Статус книги с ID 1 обновлен на: выдана
2024-07-20 18:51:52,537 - app_logger - INFO - Статус книги с ID 1 обновлен на: выдана
2024-07-20 18:51:52,537 - app_logger - INFO - Статус книги с ID 1 обновлен на: выдана
2024-07-20 18:51:52,537 - app_logger - INFO - Статус книги с ID 1 обновлен на: выдана
2024-07-20 18:51:52,537 - app_logger - INFO - Статус книги с ID 1 обновлен на: выдана
2024-07-20 18:51:52,537 - app_logger - INFO - Статус книги с ID 1 обновлен на: выдана
2024-07-20 18:51:52,539 - app_logger - DEBUG - Данные успешно сохранены.
2024-07-20 18:51:52,539 - app_logger - DEBUG - Данные успешно сохранены.
2024-07-20 18:51:52,539 - app_logger - DEBUG - Данные успешно сохранены.
2024-07-20 18:51:52,539 - app_logger - DEBUG - Данные успешно сохранены.
2024-07-20 18:51:52,539 - app_logger - DEBUG - Данные успешно сохранены.
2024-07-20 18:51:52,539 - app_logger - DEBUG - Данные успешно сохранены.
2024-07-20 18:51:52,539 - app_logger - DEBUG - Данные успешно сохранены.
2024-07-20 18:52:02,303 - app_logger - DEBUG - Данные успешно сохранены.
2024-07-20 18:52:02,304 - app_logger - INFO - Книга 'Book4' добавлена с ID 4
2024-07-20 18:52:02,307 - app_logger - INFO - Книга с ID 3 удалена
2024-07-20 18:52:02,307 - app_logger - INFO - Книга с ID 3 удалена
2024-07-20 18:52:02,307 - app_logger - DEBUG - Данные успешно сохранены.
2024-07-20 18:52:02,307 - app_logger - DEBUG - Данные успешно сохранены.
2024-07-20 18:52:02,311 - app_logger - INFO - Статус книги с ID 1 обновлен на: выдана
2024-07-20 18:52:02,311 - app_logger - INFO - Статус книги с ID 1 обновлен на: выдана
2024-07-20 18:52:02,311 - app_logger - INFO - Статус книги с ID 1 обновлен на: выдана
2024-07-20 18:52:02,311 - app_logger - INFO - Статус книги с ID 1 обновлен на: выдана
2024-07-20 18:52:02,311 - app_logger - INFO - Статус книги с ID 1 обновлен на: выдана
2024-07-20 18:52:02,311 - app_logger - INFO - Статус книги с ID 1 обновлен на: выдана
2024-07-20 18:52:02,311 - app_logger - INFO - Статус книги с ID 1 обновлен на: выдана
2024-07-20 18:52:02,333 - app_logger - DEBUG - Данные успешно сохранены.
2024-07-20 18:52:02,333 - app_logger - DEBUG - Данные успешно сохранены.
2024-07-20 18:52:02,333 - app_logger - DEBUG - Данные успешно сохранены.
2024-07-20 18:52:02,333 - app_logger - DEBUG - Данные успешно сохранены.
2024-07-20 18:52:02,333 - app_logger - DEBUG - Данные успешно сохранены.
2024-07-20 18:52:02,333 - app_logger - DEBUG - Данные успешно сохранены.
2024-07-20 18:52:02,333 - app_logger - DEBUG - Данные успешно сохранены.
2024-07-20 18:53:01,159 - app_logger - DEBUG - Данные успешно сохранены.
2024-07-20 18:53:01,159 - app_logger - INFO - Книга 'Book4' добавлена с ID 4
2024-07-20 18:53:01,162 - app_logger - INFO - Книга с ID 3 удалена
2024-07-20 18:53:01,162 - app_logger - INFO - Книга с ID 3 удалена
2024-07-20 18:53:01,163 - app_logger - DEBUG - Данные успешно сохранены.
2024-07-20 18:53:01,163 - app_logger - DEBUG - Данные успешно сохранены.
2024-07-20 18:53:01,168 - app_logger - INFO - Статус книги с ID 1 обновлен на: выдана
2024-07-20 18:53:01,168 - app_logger - INFO - Статус книги с ID 1 обновлен на: выдана
2024-07-20 18:53:01,168 - app_logger - INFO - Статус книги с ID 1 обновлен на: выдана
2024-07-20 18:53:01,168 - app_logger - INFO - Статус книги с ID 1 обновлен на: выдана
2024-07-20 18:53:01,168 - app_logger - INFO - Статус книги с ID 1 обновлен на: выдана
2024-07-20 18:53:01,168 - app_logger - INFO - Статус книги с ID 1 обновлен на: выдана
2024-07-20 18:53:01,168 - app_logger - INFO - Статус книги с ID 1 обновлен на: выдана
2024-07-20 18:53:01,170 - app_logger - DEBUG - Данные успешно сохранены.
2024-07-20 18:53:01,170 - app_logger - DEBUG - Данные успешно сохранены.
2024-07-20 18:53:01,170 - app_logger - DEBUG - Данные успешно сохранены.
2024-07-20 18:53:01,170 - app_logger - DEBUG - Данные успешно сохранены.
2024-07-20 18:53:01,170 - app_logger - DEBUG - Данные успешно сохранены.
2024-07-20 18:53:01,170 - app_logger - DEBUG - Данные успешно сохранены.
2024-07-20 18:53:01,170 - app_logger - DEBUG - Данные успешно сохранены.
2024-07-20 18:53:27,067 - app_logger - DEBUG - Данные успешно сохранены.
2024-07-20 18:53:27,068 - app_logger - INFO - Книга 'Book4' добавлена с ID 4
2024-07-20 18:53:27,071 - app_logger - INFO - Книга с ID 3 удалена
2024-07-20 18:53:27,071 - app_logger - INFO - Книга с ID 3 удалена
2024-07-20 18:53:27,071 - app_logger - DEBUG - Данные успешно сохранены.
2024-07-20 18:53:27,071 - app_logger - DEBUG - Данные успешно сохранены.
2024-07-20 18:53:27,076 - app_logger - INFO - Статус книги с ID 1 обновлен на: выдана
2024-07-20 18:53:27,076 - app_logger - INFO - Статус книги с ID 1 обновлен на: выдана
2024-07-20 18:53:27,076 - app_logger - INFO - Статус книги с ID 1 обновлен на: выдана
2024-07-20 18:53:27,076 - app_logger - INFO - Статус книги с ID 1 обновлен на: выдана
2024-07-20 18:53:27,076 - app_logger - INFO - Статус книги с ID 1 обновлен на: выдана
2024-07-20 18:53:27,076 - app_logger - INFO - Статус книги с ID 1 обновлен на: выдана
2024-07-20 18:53:27,076 - app_logger - INFO - Статус книги с ID 1 обновлен на: выдана
2024-07-20 18:53:27,077 - app_logger - DEBUG - Данные успешно сохранены.
2024-07-20 18:53:27,077 - app_logger - DEBUG - Данные успешно сохранены.
2024-07-20 18:53:27,077 - app_logger - DEBUG - Данные успешно сохранены.
2024-07-20 18:53:27,077 - app_logger - DEBUG - Данные успешно сохранены.
2024-07-20 18:53:27,077 - app_logger - DEBUG - Данные успешно сохранены.
2024-07-20 18:53:27,077 - app_logger - DEBUG - Данные успешно сохранены.
2024-07-20 18:53:27,077 - app_logger - DEBUG - Данные успешно сохранены.
2024-07-20 18:53:58,752 - app_logger - DEBUG - Данные успешно сохранены.
2024-07-20 18:53:58,752 - app_logger - INFO - Книга 'Book4' добавлена с ID 4
2024-07-20 18:53:58,756 - app_logger - INFO - Книга с ID 3 удалена
2024-07-20 18:53:58,756 - app_logger - INFO - Книга с ID 3 удалена
2024-07-20 18:53:58,756 - app_logger - DEBUG - Данные успешно сохранены.
2024-07-20 18:53:58,756 - app_logger - DEBUG - Данные успешно сохранены.
2024-07-20 18:53:58,761 - app_logger - INFO - Статус книги с ID 1 обновлен на: выдана
2024-07-20 18:53:58,761 - app_logger - INFO - Статус книги с ID 1 обновлен на: выдана
2024-07-20 18:53:58,761 - app_logger - INFO - Статус книги с ID 1 обновлен на: выдана
2024-07-20 18:53:58,761 - app_logger - INFO - Статус книги с ID 1 обновлен на: выдана
2024-07-20 18:53:58,761 - app_logger - INFO - Статус книги с ID 1 обновлен на: выдана
2024-07-20 18:53:58,761 - app_logger - INFO - Статус книги с ID 1 обновлен на: выдана
2024-07-20 18:53:58,761 - app_logger - INFO - Статус книги с ID 1 обновлен на: выдана
2024-07-20 18:53:58,763 - app_logger - DEBUG - Данные успешно сохранены.
2024-07-20 18:53:58,763 - app_logger - DEBUG - Данные успешно сохранены.
2024-07-20 18:53:58,763 - app_logger - DEBUG - Данные успешно сохранены.
2024-07-20 18:53:58,763 - app_logger - DEBUG - Данные успешно сохранены.
2024-07-20 18:53:58,763 - app_logger - DEBUG - Данные успешно сохранены.
2024-07-20 18:53:58,763 - app_logger - DEBUG - Данные успешно сохранены.
2024-07-20 18:53:58,763 - app_logger - DEBUG - Данные успешно сохранены.
2024-07-20 18:54:43,087 - app_logger - DEBUG - Данные успешно сохранены.
2024-07-20 18:54:43,087 - app_logger - INFO - Книга 'Book4' добавлена с ID 4
2024-07-20 18:54:43,090 - app_logger - INFO - Книга с ID 3 удалена
2024-07-20 18:54:43,090 - app_logger - INFO - Книга с ID 3 удалена
2024-07-20 18:54:43,092 - app_logger - DEBUG - Данные успешно сохранены.
2024-07-20 18:54:43,092 - app_logger - DEBUG - Данные успешно сохранены.
2024-07-20 18:54:43,096 - app_logger - INFO - Статус книги с ID 1 обновлен на: выдана
2024-07-20 18:54:43,096 - app_logger - INFO - Статус книги с ID 1 обновлен на: выдана
2024-07-20 18:54:43,096 - app_logger - INFO - Статус книги с ID 1 обновлен на: выдана
2024-07-20 18:54:43,096 - app_logger - INFO - Статус книги с ID 1 обновлен на: выдана
2024-07-20 18:54:43,096 - app_logger - INFO - Статус книги с ID 1 обновлен на: выдана
2024-07-20 18:54:43,096 - app_logger - INFO - Статус книги с ID 1 обновлен на: выдана
2024-07-20 18:54:43,096 - app_logger - INFO - Статус книги с ID 1 обновлен на: выдана
2024-07-20 18:54:43,099 - app_logger - DEBUG - Данные успешно сохранены.
2024-07-20 18:54:43,099 - app_logger - DEBUG - Данные успешно сохранены.
2024-07-20 18:54:43,099 - app_logger - DEBUG - Данные успешно сохранены.
2024-07-20 18:54:43,099 - app_logger - DEBUG - Данные успешно сохранены.
2024-07-20 18:54:43,099 - app_logger - DEBUG - Данные успешно сохранены.
2024-07-20 18:54:43,099 - app_logger - DEBUG - Данные успешно сохранены.
2024-07-20 18:54:43,099 - app_logger - DEBUG - Данные успешно сохранены.
